<?xml version="1.0" encoding="UTF-8"?>
<coverage generated="1668697176810" clover="3.2.0">
  <project timestamp="1668697176810" name="All files">
    <metrics statements="43" coveredstatements="36" conditionals="10" coveredconditionals="8" methods="10" coveredmethods="10" elements="63" coveredelements="54" complexity="0" loc="43" ncloc="43" packages="1" files="1" classes="1"/>
    <file name="tasksclass.js" path="C:\Users\jorge\Desktop\Microverse-Projects\To-Do-List\src\modules\tasksclass.js">
      <metrics statements="43" coveredstatements="36" conditionals="10" coveredconditionals="8" methods="10" coveredmethods="10"/>
      <line num="3" count="1" type="cond" truecount="2" falsecount="0"/>
      <line num="6" count="1" type="cond" truecount="2" falsecount="0"/>
      <line num="7" count="10" type="cond" truecount="1" falsecount="1"/>
      <line num="8" count="10" type="stmt"/>
      <line num="9" count="10" type="stmt"/>
      <line num="13" count="1" type="stmt"/>
      <line num="14" count="5" type="stmt"/>
      <line num="15" count="6" type="cond" truecount="2" falsecount="0"/>
      <line num="16" count="5" type="stmt"/>
      <line num="17" count="5" type="stmt"/>
      <line num="18" count="0" type="stmt"/>
      <line num="22" count="5" type="stmt"/>
      <line num="25" count="1" type="stmt"/>
      <line num="26" count="1" type="stmt"/>
      <line num="27" count="1" type="stmt"/>
      <line num="30" count="1" type="stmt"/>
      <line num="31" count="4" type="stmt"/>
      <line num="32" count="4" type="stmt"/>
      <line num="35" count="1" type="stmt"/>
      <line num="36" count="3" type="stmt"/>
      <line num="37" count="1" type="stmt"/>
      <line num="38" count="1" type="stmt"/>
      <line num="40" count="1" type="stmt"/>
      <line num="43" count="1" type="stmt"/>
      <line num="44" count="1" type="cond" truecount="1" falsecount="1"/>
      <line num="45" count="1" type="stmt"/>
      <line num="46" count="2" type="stmt"/>
      <line num="47" count="2" type="stmt"/>
      <line num="48" count="2" type="stmt"/>
      <line num="50" count="1" type="stmt"/>
      <line num="51" count="3" type="stmt"/>
      <line num="54" count="0" type="stmt"/>
      <line num="55" count="0" type="stmt"/>
      <line num="56" count="0" type="stmt"/>
      <line num="57" count="0" type="stmt"/>
      <line num="59" count="0" type="stmt"/>
      <line num="60" count="0" type="stmt"/>
      <line num="63" count="1" type="stmt"/>
      <line num="66" count="1" type="stmt"/>
      <line num="67" count="10" type="stmt"/>
      <line num="68" count="10" type="stmt"/>
      <line num="69" count="7" type="stmt"/>
      <line num="71" count="10" type="stmt"/>
    </file>
  </project>
</coverage>
