{"C:\\Users\\jorge\\Desktop\\Microverse-Projects\\To-Do-List\\src\\modules\\tasksclass.js": {"path":"C:\\Users\\jorge\\Desktop\\Microverse-Projects\\To-Do-List\\src\\modules\\tasksclass.js","statementMap":{"0":{"start":{"line":3,"column":4},"end":{"line":3,"column":74}},"1":{"start":{"line":6,"column":12},"end":{"line":11,"column":3}},"2":{"start":{"line":7,"column":4},"end":{"line":10,"column":5}},"3":{"start":{"line":7,"column":51},"end":{"line":7,"column":74}},"4":{"start":{"line":8,"column":6},"end":{"line":8,"column":62}},"5":{"start":{"line":9,"column":6},"end":{"line":9,"column":73}},"6":{"start":{"line":13,"column":15},"end":{"line":23,"column":3}},"7":{"start":{"line":14,"column":4},"end":{"line":21,"column":5}},"8":{"start":{"line":14,"column":17},"end":{"line":14,"column":18}},"9":{"start":{"line":15,"column":6},"end":{"line":20,"column":7}},"10":{"start":{"line":16,"column":8},"end":{"line":16,"column":64}},"11":{"start":{"line":17,"column":8},"end":{"line":19,"column":9}},"12":{"start":{"line":17,"column":21},"end":{"line":17,"column":22}},"13":{"start":{"line":18,"column":10},"end":{"line":18,"column":43}},"14":{"start":{"line":22,"column":4},"end":{"line":22,"column":71}},"15":{"start":{"line":25,"column":15},"end":{"line":28,"column":3}},"16":{"start":{"line":26,"column":4},"end":{"line":26,"column":57}},"17":{"start":{"line":27,"column":4},"end":{"line":27,"column":71}},"18":{"start":{"line":30,"column":19},"end":{"line":33,"column":3}},"19":{"start":{"line":31,"column":4},"end":{"line":31,"column":53}},"20":{"start":{"line":32,"column":4},"end":{"line":32,"column":71}},"21":{"start":{"line":35,"column":18},"end":{"line":41,"column":3}},"22":{"start":{"line":36,"column":4},"end":{"line":36,"column":81}},"23":{"start":{"line":36,"column":55},"end":{"line":36,"column":79}},"24":{"start":{"line":37,"column":4},"end":{"line":39,"column":5}},"25":{"start":{"line":37,"column":17},"end":{"line":37,"column":18}},"26":{"start":{"line":38,"column":6},"end":{"line":38,"column":39}},"27":{"start":{"line":40,"column":4},"end":{"line":40,"column":71}},"28":{"start":{"line":43,"column":14},"end":{"line":64,"column":3}},"29":{"start":{"line":44,"column":4},"end":{"line":62,"column":5}},"30":{"start":{"line":45,"column":6},"end":{"line":49,"column":7}},"31":{"start":{"line":45,"column":19},"end":{"line":45,"column":29}},"32":{"start":{"line":46,"column":21},"end":{"line":46,"column":39}},"33":{"start":{"line":47,"column":8},"end":{"line":47,"column":52}},"34":{"start":{"line":48,"column":8},"end":{"line":48,"column":38}},"35":{"start":{"line":50,"column":6},"end":{"line":52,"column":7}},"36":{"start":{"line":50,"column":19},"end":{"line":50,"column":20}},"37":{"start":{"line":51,"column":8},"end":{"line":51,"column":41}},"38":{"start":{"line":54,"column":6},"end":{"line":58,"column":7}},"39":{"start":{"line":54,"column":19},"end":{"line":54,"column":29}},"40":{"start":{"line":55,"column":21},"end":{"line":55,"column":39}},"41":{"start":{"line":56,"column":8},"end":{"line":56,"column":52}},"42":{"start":{"line":57,"column":8},"end":{"line":57,"column":38}},"43":{"start":{"line":59,"column":6},"end":{"line":61,"column":7}},"44":{"start":{"line":59,"column":19},"end":{"line":59,"column":20}},"45":{"start":{"line":60,"column":8},"end":{"line":60,"column":41}},"46":{"start":{"line":63,"column":4},"end":{"line":63,"column":71}},"47":{"start":{"line":66,"column":21},"end":{"line":72,"column":3}},"48":{"start":{"line":67,"column":25},"end":{"line":67,"column":27}},"49":{"start":{"line":68,"column":4},"end":{"line":70,"column":5}},"50":{"start":{"line":68,"column":17},"end":{"line":68,"column":18}},"51":{"start":{"line":69,"column":6},"end":{"line":69,"column":56}},"52":{"start":{"line":71,"column":4},"end":{"line":71,"column":34}}},"fnMap":{"0":{"name":"(anonymous_0)","decl":{"start":{"line":2,"column":2},"end":{"line":2,"column":3}},"loc":{"start":{"line":2,"column":16},"end":{"line":4,"column":3}},"line":2},"1":{"name":"(anonymous_1)","decl":{"start":{"line":6,"column":12},"end":{"line":6,"column":13}},"loc":{"start":{"line":6,"column":84},"end":{"line":11,"column":3}},"line":6},"2":{"name":"(anonymous_2)","decl":{"start":{"line":7,"column":38},"end":{"line":7,"column":39}},"loc":{"start":{"line":7,"column":51},"end":{"line":7,"column":74}},"line":7},"3":{"name":"(anonymous_3)","decl":{"start":{"line":13,"column":15},"end":{"line":13,"column":16}},"loc":{"start":{"line":13,"column":26},"end":{"line":23,"column":3}},"line":13},"4":{"name":"(anonymous_4)","decl":{"start":{"line":25,"column":15},"end":{"line":25,"column":16}},"loc":{"start":{"line":25,"column":39},"end":{"line":28,"column":3}},"line":25},"5":{"name":"(anonymous_5)","decl":{"start":{"line":30,"column":19},"end":{"line":30,"column":20}},"loc":{"start":{"line":30,"column":41},"end":{"line":33,"column":3}},"line":30},"6":{"name":"(anonymous_6)","decl":{"start":{"line":35,"column":18},"end":{"line":35,"column":19}},"loc":{"start":{"line":35,"column":24},"end":{"line":41,"column":3}},"line":35},"7":{"name":"(anonymous_7)","decl":{"start":{"line":36,"column":45},"end":{"line":36,"column":46}},"loc":{"start":{"line":36,"column":55},"end":{"line":36,"column":79}},"line":36},"8":{"name":"(anonymous_8)","decl":{"start":{"line":43,"column":14},"end":{"line":43,"column":15}},"loc":{"start":{"line":43,"column":42},"end":{"line":64,"column":3}},"line":43},"9":{"name":"(anonymous_9)","decl":{"start":{"line":66,"column":21},"end":{"line":66,"column":22}},"loc":{"start":{"line":66,"column":27},"end":{"line":72,"column":3}},"line":66}},"branchMap":{"0":{"loc":{"start":{"line":3,"column":22},"end":{"line":3,"column":73}},"type":"binary-expr","locations":[{"start":{"line":3,"column":22},"end":{"line":3,"column":67}},{"start":{"line":3,"column":71},"end":{"line":3,"column":73}}],"line":3},"1":{"loc":{"start":{"line":6,"column":26},"end":{"line":6,"column":43}},"type":"default-arg","locations":[{"start":{"line":6,"column":38},"end":{"line":6,"column":43}}],"line":6},"2":{"loc":{"start":{"line":6,"column":45},"end":{"line":6,"column":79}},"type":"default-arg","locations":[{"start":{"line":6,"column":53},"end":{"line":6,"column":79}}],"line":6},"3":{"loc":{"start":{"line":7,"column":4},"end":{"line":10,"column":5}},"type":"if","locations":[{"start":{"line":7,"column":4},"end":{"line":10,"column":5}},{"start":{},"end":{}}],"line":7},"4":{"loc":{"start":{"line":15,"column":6},"end":{"line":20,"column":7}},"type":"if","locations":[{"start":{"line":15,"column":6},"end":{"line":20,"column":7}},{"start":{},"end":{}}],"line":15},"5":{"loc":{"start":{"line":44,"column":4},"end":{"line":62,"column":5}},"type":"if","locations":[{"start":{"line":44,"column":4},"end":{"line":62,"column":5}},{"start":{"line":53,"column":11},"end":{"line":62,"column":5}}],"line":44}},"s":{"0":1,"1":1,"2":4,"3":1,"4":4,"5":4,"6":1,"7":4,"8":4,"9":5,"10":4,"11":4,"12":4,"13":0,"14":4,"15":1,"16":1,"17":1,"18":1,"19":2,"20":2,"21":1,"22":0,"23":0,"24":0,"25":0,"26":0,"27":0,"28":1,"29":0,"30":0,"31":0,"32":0,"33":0,"34":0,"35":0,"36":0,"37":0,"38":0,"39":0,"40":0,"41":0,"42":0,"43":0,"44":0,"45":0,"46":0,"47":1,"48":4,"49":4,"50":4,"51":1,"52":4},"f":{"0":1,"1":4,"2":1,"3":4,"4":1,"5":2,"6":0,"7":0,"8":0,"9":4},"b":{"0":[1,1],"1":[4],"2":[4],"3":[4,0],"4":[4,1],"5":[0,0]},"_coverageSchema":"1a1c01bbd47fc00a2c39e90264f33305004495a9","hash":"e3cd775d711d02edb63c6501280a4f423db1ffea"}
}
