TN:
SF:src\modules\tasksclass.js
FN:2,(anonymous_0)
FN:6,(anonymous_1)
FN:7,(anonymous_2)
FN:13,(anonymous_3)
FN:25,(anonymous_4)
FN:30,(anonymous_5)
FN:35,(anonymous_6)
FN:36,(anonymous_7)
FN:43,(anonymous_8)
FN:66,(anonymous_9)
FNF:10
FNH:7
FNDA:1,(anonymous_0)
FNDA:4,(anonymous_1)
FNDA:1,(anonymous_2)
FNDA:4,(anonymous_3)
FNDA:1,(anonymous_4)
FNDA:2,(anonymous_5)
FNDA:0,(anonymous_6)
FNDA:0,(anonymous_7)
FNDA:0,(anonymous_8)
FNDA:4,(anonymous_9)
DA:3,1
DA:6,1
DA:7,4
DA:8,4
DA:9,4
DA:13,1
DA:14,4
DA:15,5
DA:16,4
DA:17,4
DA:18,0
DA:22,4
DA:25,1
DA:26,1
DA:27,1
DA:30,1
DA:31,2
DA:32,2
DA:35,1
DA:36,0
DA:37,0
DA:38,0
DA:40,0
DA:43,1
DA:44,0
DA:45,0
DA:46,0
DA:47,0
DA:48,0
DA:50,0
DA:51,0
DA:54,0
DA:55,0
DA:56,0
DA:57,0
DA:59,0
DA:60,0
DA:63,0
DA:66,1
DA:67,4
DA:68,4
DA:69,1
DA:71,4
LF:43
LH:24
BRDA:3,0,0,1
BRDA:3,0,1,1
BRDA:6,1,0,4
BRDA:6,2,0,4
BRDA:7,3,0,4
BRDA:7,3,1,0
BRDA:15,4,0,4
BRDA:15,4,1,1
BRDA:44,5,0,0
BRDA:44,5,1,0
BRF:10
BRH:7
end_of_record
