TN:
SF:src\modules\tasksclass.js
FN:2,(anonymous_0)
FN:6,(anonymous_1)
FN:7,(anonymous_2)
FN:13,(anonymous_3)
FN:25,(anonymous_4)
FN:30,(anonymous_5)
FN:35,(anonymous_6)
FN:36,(anonymous_7)
FN:43,(anonymous_8)
FN:66,(anonymous_9)
FNF:10
FNH:5
FNDA:1,(anonymous_0)
FNDA:2,(anonymous_1)
FNDA:1,(anonymous_2)
FNDA:2,(anonymous_3)
FNDA:0,(anonymous_4)
FNDA:0,(anonymous_5)
FNDA:0,(anonymous_6)
FNDA:0,(anonymous_7)
FNDA:0,(anonymous_8)
FNDA:2,(anonymous_9)
DA:3,1
DA:6,1
DA:7,2
DA:8,2
DA:9,2
DA:13,1
DA:14,2
DA:15,3
DA:16,2
DA:17,2
DA:18,0
DA:22,2
DA:25,1
DA:26,0
DA:27,0
DA:30,1
DA:31,0
DA:32,0
DA:35,1
DA:36,0
DA:37,0
DA:38,0
DA:40,0
DA:43,1
DA:44,0
DA:45,0
DA:46,0
DA:47,0
DA:48,0
DA:50,0
DA:51,0
DA:54,0
DA:55,0
DA:56,0
DA:57,0
DA:59,0
DA:60,0
DA:63,0
DA:66,1
DA:67,2
DA:68,2
DA:69,1
DA:71,2
LF:43
LH:20
BRDA:3,0,0,1
BRDA:3,0,1,1
BRDA:6,1,0,2
BRDA:6,2,0,2
BRDA:7,3,0,2
BRDA:7,3,1,0
BRDA:15,4,0,2
BRDA:15,4,1,1
BRDA:44,5,0,0
BRDA:44,5,1,0
BRF:10
BRH:7
end_of_record
